{"E:\\Bootcamp\\Entregables\\bit-backend\\src\\controllers\\appointment.js": {"path":"E:\\Bootcamp\\Entregables\\bit-backend\\src\\controllers\\appointment.js","statementMap":{"0":{"start":{"line":3,"column":30},"end":{"line":79,"column":1}},"1":{"start":{"line":6,"column":4},"end":{"line":21,"column":5}},"2":{"start":{"line":7,"column":45},"end":{"line":7,"column":53}},"3":{"start":{"line":8,"column":21},"end":{"line":8,"column":32}},"4":{"start":{"line":10,"column":29},"end":{"line":10,"column":84}},"5":{"start":{"line":11,"column":6},"end":{"line":11,"column":34}},"6":{"start":{"line":14,"column":35},"end":{"line":16,"column":41}},"7":{"start":{"line":18,"column":6},"end":{"line":18,"column":49}},"8":{"start":{"line":20,"column":6},"end":{"line":20,"column":77}},"9":{"start":{"line":26,"column":4},"end":{"line":33,"column":5}},"10":{"start":{"line":27,"column":27},"end":{"line":29,"column":30}},"11":{"start":{"line":30,"column":6},"end":{"line":30,"column":29}},"12":{"start":{"line":32,"column":6},"end":{"line":32,"column":78}},"13":{"start":{"line":38,"column":4},"end":{"line":51,"column":5}},"14":{"start":{"line":39,"column":21},"end":{"line":39,"column":31}},"15":{"start":{"line":40,"column":22},"end":{"line":44,"column":41}},"16":{"start":{"line":46,"column":6},"end":{"line":47,"column":74}},"17":{"start":{"line":47,"column":8},"end":{"line":47,"column":74}},"18":{"start":{"line":48,"column":6},"end":{"line":48,"column":24}},"19":{"start":{"line":50,"column":6},"end":{"line":50,"column":77}},"20":{"start":{"line":56,"column":4},"end":{"line":64,"column":5}},"21":{"start":{"line":57,"column":21},"end":{"line":57,"column":31}},"22":{"start":{"line":58,"column":22},"end":{"line":58,"column":61}},"23":{"start":{"line":59,"column":6},"end":{"line":60,"column":74}},"24":{"start":{"line":60,"column":8},"end":{"line":60,"column":74}},"25":{"start":{"line":61,"column":6},"end":{"line":61,"column":51}},"26":{"start":{"line":63,"column":6},"end":{"line":63,"column":77}},"27":{"start":{"line":69,"column":4},"end":{"line":77,"column":5}},"28":{"start":{"line":70,"column":21},"end":{"line":70,"column":32}},"29":{"start":{"line":71,"column":27},"end":{"line":73,"column":41}},"30":{"start":{"line":74,"column":6},"end":{"line":74,"column":29}},"31":{"start":{"line":76,"column":6},"end":{"line":76,"column":83}}},"fnMap":{"0":{"name":"(anonymous_0)","decl":{"start":{"line":5,"column":21},"end":{"line":5,"column":22}},"loc":{"start":{"line":5,"column":41},"end":{"line":22,"column":3}},"line":5},"1":{"name":"(anonymous_1)","decl":{"start":{"line":25,"column":22},"end":{"line":25,"column":23}},"loc":{"start":{"line":25,"column":42},"end":{"line":34,"column":3}},"line":25},"2":{"name":"(anonymous_2)","decl":{"start":{"line":37,"column":21},"end":{"line":37,"column":22}},"loc":{"start":{"line":37,"column":41},"end":{"line":52,"column":3}},"line":37},"3":{"name":"(anonymous_3)","decl":{"start":{"line":55,"column":21},"end":{"line":55,"column":22}},"loc":{"start":{"line":55,"column":41},"end":{"line":65,"column":3}},"line":55},"4":{"name":"(anonymous_4)","decl":{"start":{"line":68,"column":23},"end":{"line":68,"column":24}},"loc":{"start":{"line":68,"column":43},"end":{"line":78,"column":3}},"line":68}},"branchMap":{"0":{"loc":{"start":{"line":46,"column":6},"end":{"line":47,"column":74}},"type":"if","locations":[{"start":{"line":46,"column":6},"end":{"line":47,"column":74}},{"start":{},"end":{}}],"line":46},"1":{"loc":{"start":{"line":59,"column":6},"end":{"line":60,"column":74}},"type":"if","locations":[{"start":{"line":59,"column":6},"end":{"line":60,"column":74}},{"start":{},"end":{}}],"line":59}},"s":{"0":1,"1":2,"2":2,"3":2,"4":2,"5":2,"6":1,"7":1,"8":1,"9":2,"10":2,"11":1,"12":1,"13":3,"14":3,"15":3,"16":2,"17":1,"18":1,"19":1,"20":3,"21":3,"22":3,"23":2,"24":1,"25":1,"26":1,"27":2,"28":2,"29":2,"30":1,"31":1},"f":{"0":2,"1":2,"2":3,"3":3,"4":2},"b":{"0":[1,1],"1":[1,1]},"inputSourceMap":null,"_coverageSchema":"1a1c01bbd47fc00a2c39e90264f33305004495a9","hash":"3068d3078be48d33d36c295e94891a7ae3138799"}
,"E:\\Bootcamp\\Entregables\\bit-backend\\src\\controllers\\cart.js": {"path":"E:\\Bootcamp\\Entregables\\bit-backend\\src\\controllers\\cart.js","statementMap":{"0":{"start":{"line":4,"column":23},"end":{"line":102,"column":1}},"1":{"start":{"line":7,"column":4},"end":{"line":26,"column":5}},"2":{"start":{"line":8,"column":29},"end":{"line":8,"column":37}},"3":{"start":{"line":9,"column":22},"end":{"line":9,"column":33}},"4":{"start":{"line":11,"column":6},"end":{"line":13,"column":7}},"5":{"start":{"line":12,"column":8},"end":{"line":12,"column":76}},"6":{"start":{"line":15,"column":26},"end":{"line":19,"column":8}},"7":{"start":{"line":21,"column":24},"end":{"line":21,"column":48}},"8":{"start":{"line":23,"column":6},"end":{"line":23,"column":89}},"9":{"start":{"line":25,"column":6},"end":{"line":25,"column":94}},"10":{"start":{"line":31,"column":4},"end":{"line":39,"column":5}},"11":{"start":{"line":32,"column":21},"end":{"line":32,"column":32}},"12":{"start":{"line":34,"column":19},"end":{"line":34,"column":78}},"13":{"start":{"line":36,"column":6},"end":{"line":36,"column":21}},"14":{"start":{"line":38,"column":6},"end":{"line":38,"column":94}},"15":{"start":{"line":44,"column":4},"end":{"line":57,"column":5}},"16":{"start":{"line":45,"column":21},"end":{"line":45,"column":32}},"17":{"start":{"line":47,"column":24},"end":{"line":47,"column":83}},"18":{"start":{"line":49,"column":20},"end":{"line":52,"column":11}},"19":{"start":{"line":50,"column":22},"end":{"line":50,"column":49}},"20":{"start":{"line":51,"column":8},"end":{"line":51,"column":45}},"21":{"start":{"line":54,"column":6},"end":{"line":54,"column":26}},"22":{"start":{"line":56,"column":6},"end":{"line":56,"column":92}},"23":{"start":{"line":62,"column":4},"end":{"line":82,"column":5}},"24":{"start":{"line":63,"column":26},"end":{"line":63,"column":36}},"25":{"start":{"line":64,"column":27},"end":{"line":64,"column":35}},"26":{"start":{"line":66,"column":6},"end":{"line":68,"column":7}},"27":{"start":{"line":67,"column":8},"end":{"line":67,"column":70}},"28":{"start":{"line":70,"column":19},"end":{"line":70,"column":47}},"29":{"start":{"line":72,"column":6},"end":{"line":74,"column":7}},"30":{"start":{"line":73,"column":8},"end":{"line":73,"column":71}},"31":{"start":{"line":76,"column":6},"end":{"line":76,"column":31}},"32":{"start":{"line":77,"column":6},"end":{"line":77,"column":24}},"33":{"start":{"line":79,"column":6},"end":{"line":79,"column":64}},"34":{"start":{"line":81,"column":6},"end":{"line":81,"column":97}},"35":{"start":{"line":87,"column":4},"end":{"line":100,"column":5}},"36":{"start":{"line":88,"column":26},"end":{"line":88,"column":36}},"37":{"start":{"line":90,"column":19},"end":{"line":90,"column":47}},"38":{"start":{"line":92,"column":6},"end":{"line":94,"column":7}},"39":{"start":{"line":93,"column":8},"end":{"line":93,"column":90}},"40":{"start":{"line":96,"column":6},"end":{"line":96,"column":29}},"41":{"start":{"line":97,"column":6},"end":{"line":97,"column":63}},"42":{"start":{"line":99,"column":6},"end":{"line":99,"column":96}}},"fnMap":{"0":{"name":"(anonymous_0)","decl":{"start":{"line":6,"column":13},"end":{"line":6,"column":14}},"loc":{"start":{"line":6,"column":33},"end":{"line":27,"column":3}},"line":6},"1":{"name":"(anonymous_1)","decl":{"start":{"line":30,"column":11},"end":{"line":30,"column":12}},"loc":{"start":{"line":30,"column":31},"end":{"line":40,"column":3}},"line":30},"2":{"name":"(anonymous_2)","decl":{"start":{"line":43,"column":12},"end":{"line":43,"column":13}},"loc":{"start":{"line":43,"column":32},"end":{"line":58,"column":3}},"line":43},"3":{"name":"(anonymous_3)","decl":{"start":{"line":49,"column":37},"end":{"line":49,"column":38}},"loc":{"start":{"line":49,"column":52},"end":{"line":52,"column":7}},"line":49},"4":{"name":"(anonymous_4)","decl":{"start":{"line":61,"column":18},"end":{"line":61,"column":19}},"loc":{"start":{"line":61,"column":38},"end":{"line":83,"column":3}},"line":61},"5":{"name":"(anonymous_5)","decl":{"start":{"line":86,"column":18},"end":{"line":86,"column":19}},"loc":{"start":{"line":86,"column":38},"end":{"line":101,"column":3}},"line":86}},"branchMap":{"0":{"loc":{"start":{"line":11,"column":6},"end":{"line":13,"column":7}},"type":"if","locations":[{"start":{"line":11,"column":6},"end":{"line":13,"column":7}},{"start":{},"end":{}}],"line":11},"1":{"loc":{"start":{"line":50,"column":22},"end":{"line":50,"column":49}},"type":"binary-expr","locations":[{"start":{"line":50,"column":22},"end":{"line":50,"column":44}},{"start":{"line":50,"column":48},"end":{"line":50,"column":49}}],"line":50},"2":{"loc":{"start":{"line":66,"column":6},"end":{"line":68,"column":7}},"type":"if","locations":[{"start":{"line":66,"column":6},"end":{"line":68,"column":7}},{"start":{},"end":{}}],"line":66},"3":{"loc":{"start":{"line":66,"column":10},"end":{"line":66,"column":36}},"type":"binary-expr","locations":[{"start":{"line":66,"column":10},"end":{"line":66,"column":19}},{"start":{"line":66,"column":23},"end":{"line":66,"column":36}}],"line":66},"4":{"loc":{"start":{"line":72,"column":6},"end":{"line":74,"column":7}},"type":"if","locations":[{"start":{"line":72,"column":6},"end":{"line":74,"column":7}},{"start":{},"end":{}}],"line":72},"5":{"loc":{"start":{"line":72,"column":10},"end":{"line":72,"column":58}},"type":"binary-expr","locations":[{"start":{"line":72,"column":10},"end":{"line":72,"column":15}},{"start":{"line":72,"column":19},"end":{"line":72,"column":58}}],"line":72},"6":{"loc":{"start":{"line":92,"column":6},"end":{"line":94,"column":7}},"type":"if","locations":[{"start":{"line":92,"column":6},"end":{"line":94,"column":7}},{"start":{},"end":{}}],"line":92},"7":{"loc":{"start":{"line":92,"column":10},"end":{"line":92,"column":58}},"type":"binary-expr","locations":[{"start":{"line":92,"column":10},"end":{"line":92,"column":15}},{"start":{"line":92,"column":19},"end":{"line":92,"column":58}}],"line":92}},"s":{"0":1,"1":2,"2":2,"3":2,"4":2,"5":1,"6":1,"7":1,"8":1,"9":0,"10":1,"11":1,"12":1,"13":1,"14":0,"15":1,"16":1,"17":1,"18":1,"19":2,"20":2,"21":1,"22":0,"23":3,"24":3,"25":3,"26":3,"27":1,"28":2,"29":2,"30":1,"31":1,"32":1,"33":1,"34":0,"35":2,"36":2,"37":2,"38":2,"39":1,"40":1,"41":1,"42":0},"f":{"0":2,"1":1,"2":1,"3":2,"4":3,"5":2},"b":{"0":[1,1],"1":[2,0],"2":[1,2],"3":[3,2],"4":[1,1],"5":[2,1],"6":[1,1],"7":[2,1]},"inputSourceMap":null,"_coverageSchema":"1a1c01bbd47fc00a2c39e90264f33305004495a9","hash":"70bc312e33bcdaad22e301748367ad73edd960fc"}
,"E:\\Bootcamp\\Entregables\\bit-backend\\src\\controllers\\invoice.js": {"path":"E:\\Bootcamp\\Entregables\\bit-backend\\src\\controllers\\invoice.js","statementMap":{"0":{"start":{"line":6,"column":26},"end":{"line":156,"column":1}},"1":{"start":{"line":9,"column":4},"end":{"line":37,"column":5}},"2":{"start":{"line":10,"column":65},"end":{"line":10,"column":73}},"3":{"start":{"line":12,"column":6},"end":{"line":12,"column":80}},"4":{"start":{"line":12,"column":19},"end":{"line":12,"column":80}},"5":{"start":{"line":13,"column":6},"end":{"line":14,"column":76}},"6":{"start":{"line":14,"column":8},"end":{"line":14,"column":76}},"7":{"start":{"line":16,"column":25},"end":{"line":21,"column":68}},"8":{"start":{"line":17,"column":21},"end":{"line":20,"column":9}},"9":{"start":{"line":21,"column":23},"end":{"line":21,"column":67}},"10":{"start":{"line":23,"column":6},"end":{"line":24,"column":72}},"11":{"start":{"line":24,"column":8},"end":{"line":24,"column":72}},"12":{"start":{"line":26,"column":20},"end":{"line":32,"column":15}},"13":{"start":{"line":34,"column":6},"end":{"line":34,"column":34}},"14":{"start":{"line":36,"column":6},"end":{"line":36,"column":73}},"15":{"start":{"line":42,"column":4},"end":{"line":51,"column":5}},"16":{"start":{"line":43,"column":23},"end":{"line":46,"column":32}},"17":{"start":{"line":48,"column":6},"end":{"line":48,"column":37}},"18":{"start":{"line":50,"column":6},"end":{"line":50,"column":76}},"19":{"start":{"line":56,"column":4},"end":{"line":65,"column":5}},"20":{"start":{"line":57,"column":21},"end":{"line":57,"column":32}},"21":{"start":{"line":58,"column":23},"end":{"line":60,"column":32}},"22":{"start":{"line":62,"column":6},"end":{"line":62,"column":37}},"23":{"start":{"line":64,"column":6},"end":{"line":64,"column":88}},"24":{"start":{"line":70,"column":4},"end":{"line":82,"column":5}},"25":{"start":{"line":71,"column":24},"end":{"line":71,"column":37}},"26":{"start":{"line":72,"column":22},"end":{"line":74,"column":8}},"27":{"start":{"line":76,"column":6},"end":{"line":77,"column":74}},"28":{"start":{"line":77,"column":8},"end":{"line":77,"column":74}},"29":{"start":{"line":79,"column":6},"end":{"line":79,"column":36}},"30":{"start":{"line":81,"column":6},"end":{"line":81,"column":78}},"31":{"start":{"line":87,"column":4},"end":{"line":97,"column":5}},"32":{"start":{"line":88,"column":24},"end":{"line":88,"column":37}},"33":{"start":{"line":89,"column":22},"end":{"line":89,"column":64}},"34":{"start":{"line":91,"column":6},"end":{"line":92,"column":74}},"35":{"start":{"line":92,"column":8},"end":{"line":92,"column":74}},"36":{"start":{"line":94,"column":6},"end":{"line":94,"column":71}},"37":{"start":{"line":96,"column":6},"end":{"line":96,"column":76}},"38":{"start":{"line":102,"column":4},"end":{"line":154,"column":5}},"39":{"start":{"line":103,"column":21},"end":{"line":103,"column":32}},"40":{"start":{"line":104,"column":49},"end":{"line":104,"column":57}},"41":{"start":{"line":106,"column":6},"end":{"line":107,"column":76}},"42":{"start":{"line":107,"column":8},"end":{"line":107,"column":76}},"43":{"start":{"line":109,"column":25},"end":{"line":114,"column":68}},"44":{"start":{"line":110,"column":21},"end":{"line":113,"column":9}},"45":{"start":{"line":114,"column":23},"end":{"line":114,"column":67}},"46":{"start":{"line":116,"column":6},"end":{"line":117,"column":72}},"47":{"start":{"line":117,"column":8},"end":{"line":117,"column":72}},"48":{"start":{"line":120,"column":6},"end":{"line":132,"column":7}},"49":{"start":{"line":121,"column":26},"end":{"line":121,"column":61}},"50":{"start":{"line":122,"column":8},"end":{"line":125,"column":73}},"51":{"start":{"line":123,"column":10},"end":{"line":125,"column":73}},"52":{"start":{"line":127,"column":8},"end":{"line":131,"column":9}},"53":{"start":{"line":128,"column":10},"end":{"line":130,"column":13}},"54":{"start":{"line":135,"column":20},"end":{"line":141,"column":15}},"55":{"start":{"line":144,"column":6},"end":{"line":148,"column":7}},"56":{"start":{"line":145,"column":8},"end":{"line":147,"column":11}},"57":{"start":{"line":150,"column":6},"end":{"line":150,"column":34}},"58":{"start":{"line":152,"column":6},"end":{"line":152,"column":27}},"59":{"start":{"line":153,"column":6},"end":{"line":153,"column":85}}},"fnMap":{"0":{"name":"(anonymous_0)","decl":{"start":{"line":8,"column":17},"end":{"line":8,"column":18}},"loc":{"start":{"line":8,"column":37},"end":{"line":38,"column":3}},"line":8},"1":{"name":"(anonymous_1)","decl":{"start":{"line":17,"column":13},"end":{"line":17,"column":14}},"loc":{"start":{"line":17,"column":21},"end":{"line":20,"column":9}},"line":17},"2":{"name":"(anonymous_2)","decl":{"start":{"line":21,"column":16},"end":{"line":21,"column":17}},"loc":{"start":{"line":21,"column":23},"end":{"line":21,"column":67}},"line":21},"3":{"name":"(anonymous_3)","decl":{"start":{"line":41,"column":18},"end":{"line":41,"column":19}},"loc":{"start":{"line":41,"column":38},"end":{"line":52,"column":3}},"line":41},"4":{"name":"(anonymous_4)","decl":{"start":{"line":55,"column":19},"end":{"line":55,"column":20}},"loc":{"start":{"line":55,"column":39},"end":{"line":66,"column":3}},"line":55},"5":{"name":"(anonymous_5)","decl":{"start":{"line":69,"column":17},"end":{"line":69,"column":18}},"loc":{"start":{"line":69,"column":37},"end":{"line":83,"column":3}},"line":69},"6":{"name":"(anonymous_6)","decl":{"start":{"line":86,"column":17},"end":{"line":86,"column":18}},"loc":{"start":{"line":86,"column":37},"end":{"line":98,"column":3}},"line":86},"7":{"name":"(anonymous_7)","decl":{"start":{"line":101,"column":21},"end":{"line":101,"column":22}},"loc":{"start":{"line":101,"column":41},"end":{"line":155,"column":3}},"line":101},"8":{"name":"(anonymous_8)","decl":{"start":{"line":110,"column":13},"end":{"line":110,"column":14}},"loc":{"start":{"line":110,"column":21},"end":{"line":113,"column":9}},"line":110},"9":{"name":"(anonymous_9)","decl":{"start":{"line":114,"column":16},"end":{"line":114,"column":17}},"loc":{"start":{"line":114,"column":23},"end":{"line":114,"column":67}},"line":114}},"branchMap":{"0":{"loc":{"start":{"line":12,"column":6},"end":{"line":12,"column":80}},"type":"if","locations":[{"start":{"line":12,"column":6},"end":{"line":12,"column":80}},{"start":{},"end":{}}],"line":12},"1":{"loc":{"start":{"line":13,"column":6},"end":{"line":14,"column":76}},"type":"if","locations":[{"start":{"line":13,"column":6},"end":{"line":14,"column":76}},{"start":{},"end":{}}],"line":13},"2":{"loc":{"start":{"line":16,"column":26},"end":{"line":16,"column":40}},"type":"binary-expr","locations":[{"start":{"line":16,"column":26},"end":{"line":16,"column":34}},{"start":{"line":16,"column":38},"end":{"line":16,"column":40}}],"line":16},"3":{"loc":{"start":{"line":18,"column":21},"end":{"line":18,"column":52}},"type":"binary-expr","locations":[{"start":{"line":18,"column":21},"end":{"line":18,"column":33}},{"start":{"line":18,"column":37},"end":{"line":18,"column":42}},{"start":{"line":18,"column":46},"end":{"line":18,"column":52}}],"line":18},"4":{"loc":{"start":{"line":19,"column":27},"end":{"line":19,"column":43}},"type":"binary-expr","locations":[{"start":{"line":19,"column":27},"end":{"line":19,"column":38}},{"start":{"line":19,"column":42},"end":{"line":19,"column":43}}],"line":19},"5":{"loc":{"start":{"line":23,"column":6},"end":{"line":24,"column":72}},"type":"if","locations":[{"start":{"line":23,"column":6},"end":{"line":24,"column":72}},{"start":{},"end":{}}],"line":23},"6":{"loc":{"start":{"line":31,"column":16},"end":{"line":31,"column":35}},"type":"binary-expr","locations":[{"start":{"line":31,"column":16},"end":{"line":31,"column":22}},{"start":{"line":31,"column":26},"end":{"line":31,"column":35}}],"line":31},"7":{"loc":{"start":{"line":76,"column":6},"end":{"line":77,"column":74}},"type":"if","locations":[{"start":{"line":76,"column":6},"end":{"line":77,"column":74}},{"start":{},"end":{}}],"line":76},"8":{"loc":{"start":{"line":91,"column":6},"end":{"line":92,"column":74}},"type":"if","locations":[{"start":{"line":91,"column":6},"end":{"line":92,"column":74}},{"start":{},"end":{}}],"line":91},"9":{"loc":{"start":{"line":106,"column":6},"end":{"line":107,"column":76}},"type":"if","locations":[{"start":{"line":106,"column":6},"end":{"line":107,"column":76}},{"start":{},"end":{}}],"line":106},"10":{"loc":{"start":{"line":109,"column":26},"end":{"line":109,"column":40}},"type":"binary-expr","locations":[{"start":{"line":109,"column":26},"end":{"line":109,"column":34}},{"start":{"line":109,"column":38},"end":{"line":109,"column":40}}],"line":109},"11":{"loc":{"start":{"line":111,"column":21},"end":{"line":111,"column":52}},"type":"binary-expr","locations":[{"start":{"line":111,"column":21},"end":{"line":111,"column":33}},{"start":{"line":111,"column":37},"end":{"line":111,"column":42}},{"start":{"line":111,"column":46},"end":{"line":111,"column":52}}],"line":111},"12":{"loc":{"start":{"line":112,"column":27},"end":{"line":112,"column":43}},"type":"binary-expr","locations":[{"start":{"line":112,"column":27},"end":{"line":112,"column":38}},{"start":{"line":112,"column":42},"end":{"line":112,"column":43}}],"line":112},"13":{"loc":{"start":{"line":116,"column":6},"end":{"line":117,"column":72}},"type":"if","locations":[{"start":{"line":116,"column":6},"end":{"line":117,"column":72}},{"start":{},"end":{}}],"line":116},"14":{"loc":{"start":{"line":122,"column":8},"end":{"line":125,"column":73}},"type":"if","locations":[{"start":{"line":122,"column":8},"end":{"line":125,"column":73}},{"start":{},"end":{}}],"line":122},"15":{"loc":{"start":{"line":127,"column":8},"end":{"line":131,"column":9}},"type":"if","locations":[{"start":{"line":127,"column":8},"end":{"line":131,"column":9}},{"start":{},"end":{}}],"line":127}},"s":{"0":1,"1":2,"2":2,"3":2,"4":1,"5":1,"6":0,"7":1,"8":1,"9":1,"10":1,"11":0,"12":1,"13":1,"14":0,"15":1,"16":1,"17":1,"18":0,"19":1,"20":1,"21":1,"22":1,"23":0,"24":2,"25":2,"26":2,"27":2,"28":1,"29":1,"30":0,"31":2,"32":2,"33":2,"34":2,"35":1,"36":1,"37":0,"38":3,"39":3,"40":3,"41":3,"42":0,"43":3,"44":3,"45":3,"46":3,"47":0,"48":3,"49":3,"50":3,"51":1,"52":2,"53":1,"54":1,"55":1,"56":1,"57":1,"58":0,"59":0},"f":{"0":2,"1":1,"2":1,"3":1,"4":1,"5":2,"6":2,"7":3,"8":3,"9":3},"b":{"0":[1,1],"1":[0,1],"2":[1,0],"3":[1,0,0],"4":[1,0],"5":[0,1],"6":[1,0],"7":[1,1],"8":[1,1],"9":[0,3],"10":[3,0],"11":[3,0,0],"12":[3,0],"13":[0,3],"14":[1,2],"15":[1,1]},"inputSourceMap":null,"_coverageSchema":"1a1c01bbd47fc00a2c39e90264f33305004495a9","hash":"b98e4e7270ed920a8b5a7876b9b944536ca7aee3"}
,"E:\\Bootcamp\\Entregables\\bit-backend\\src\\controllers\\payment.js": {"path":"E:\\Bootcamp\\Entregables\\bit-backend\\src\\controllers\\payment.js","statementMap":{"0":{"start":{"line":3,"column":26},"end":{"line":69,"column":1}},"1":{"start":{"line":6,"column":4},"end":{"line":15,"column":5}},"2":{"start":{"line":7,"column":44},"end":{"line":7,"column":52}},"3":{"start":{"line":9,"column":25},"end":{"line":9,"column":67}},"4":{"start":{"line":10,"column":27},"end":{"line":10,"column":50}},"5":{"start":{"line":12,"column":6},"end":{"line":12,"column":41}},"6":{"start":{"line":14,"column":6},"end":{"line":14,"column":69}},"7":{"start":{"line":20,"column":4},"end":{"line":27,"column":5}},"8":{"start":{"line":21,"column":23},"end":{"line":22,"column":49}},"9":{"start":{"line":24,"column":6},"end":{"line":24,"column":37}},"10":{"start":{"line":26,"column":6},"end":{"line":26,"column":73}},"11":{"start":{"line":32,"column":4},"end":{"line":39,"column":5}},"12":{"start":{"line":33,"column":28},"end":{"line":33,"column":38}},"13":{"start":{"line":34,"column":23},"end":{"line":34,"column":56}},"14":{"start":{"line":36,"column":6},"end":{"line":36,"column":37}},"15":{"start":{"line":38,"column":6},"end":{"line":38,"column":87}},"16":{"start":{"line":44,"column":4},"end":{"line":55,"column":5}},"17":{"start":{"line":45,"column":24},"end":{"line":45,"column":37}},"18":{"start":{"line":46,"column":22},"end":{"line":50,"column":7}},"19":{"start":{"line":52,"column":6},"end":{"line":52,"column":36}},"20":{"start":{"line":54,"column":6},"end":{"line":54,"column":89}},"21":{"start":{"line":60,"column":4},"end":{"line":67,"column":5}},"22":{"start":{"line":61,"column":24},"end":{"line":61,"column":37}},"23":{"start":{"line":62,"column":6},"end":{"line":62,"column":49}},"24":{"start":{"line":64,"column":6},"end":{"line":64,"column":72}},"25":{"start":{"line":66,"column":6},"end":{"line":66,"column":73}}},"fnMap":{"0":{"name":"(anonymous_0)","decl":{"start":{"line":5,"column":17},"end":{"line":5,"column":18}},"loc":{"start":{"line":5,"column":37},"end":{"line":16,"column":3}},"line":5},"1":{"name":"(anonymous_1)","decl":{"start":{"line":19,"column":18},"end":{"line":19,"column":19}},"loc":{"start":{"line":19,"column":38},"end":{"line":28,"column":3}},"line":19},"2":{"name":"(anonymous_2)","decl":{"start":{"line":31,"column":24},"end":{"line":31,"column":25}},"loc":{"start":{"line":31,"column":44},"end":{"line":40,"column":3}},"line":31},"3":{"name":"(anonymous_3)","decl":{"start":{"line":43,"column":23},"end":{"line":43,"column":24}},"loc":{"start":{"line":43,"column":43},"end":{"line":56,"column":3}},"line":43},"4":{"name":"(anonymous_4)","decl":{"start":{"line":59,"column":17},"end":{"line":59,"column":18}},"loc":{"start":{"line":59,"column":37},"end":{"line":68,"column":3}},"line":59}},"branchMap":{},"s":{"0":1,"1":2,"2":2,"3":2,"4":2,"5":1,"6":1,"7":2,"8":2,"9":1,"10":1,"11":2,"12":2,"13":2,"14":1,"15":1,"16":2,"17":2,"18":2,"19":1,"20":1,"21":2,"22":2,"23":2,"24":1,"25":1},"f":{"0":2,"1":2,"2":2,"3":2,"4":2},"b":{},"inputSourceMap":null,"_coverageSchema":"1a1c01bbd47fc00a2c39e90264f33305004495a9","hash":"cf315db4728dcfb0d09ac3e1edb07d9a699d0d6f"}
,"E:\\Bootcamp\\Entregables\\bit-backend\\src\\controllers\\products.js": {"path":"E:\\Bootcamp\\Entregables\\bit-backend\\src\\controllers\\products.js","statementMap":{"0":{"start":{"line":4,"column":27},"end":{"line":58,"column":1}},"1":{"start":{"line":7,"column":4},"end":{"line":13,"column":5}},"2":{"start":{"line":8,"column":25},"end":{"line":8,"column":46}},"3":{"start":{"line":9,"column":6},"end":{"line":9,"column":30}},"4":{"start":{"line":10,"column":6},"end":{"line":10,"column":93}},"5":{"start":{"line":12,"column":6},"end":{"line":12,"column":73}},"6":{"start":{"line":18,"column":4},"end":{"line":23,"column":5}},"7":{"start":{"line":19,"column":23},"end":{"line":19,"column":43}},"8":{"start":{"line":20,"column":6},"end":{"line":20,"column":37}},"9":{"start":{"line":22,"column":6},"end":{"line":22,"column":76}},"10":{"start":{"line":28,"column":4},"end":{"line":34,"column":5}},"11":{"start":{"line":29,"column":22},"end":{"line":29,"column":59}},"12":{"start":{"line":30,"column":6},"end":{"line":30,"column":82}},"13":{"start":{"line":30,"column":20},"end":{"line":30,"column":82}},"14":{"start":{"line":31,"column":6},"end":{"line":31,"column":36}},"15":{"start":{"line":33,"column":6},"end":{"line":33,"column":75}},"16":{"start":{"line":39,"column":4},"end":{"line":45,"column":5}},"17":{"start":{"line":40,"column":29},"end":{"line":40,"column":100}},"18":{"start":{"line":41,"column":6},"end":{"line":41,"column":89}},"19":{"start":{"line":41,"column":27},"end":{"line":41,"column":89}},"20":{"start":{"line":42,"column":6},"end":{"line":42,"column":97}},"21":{"start":{"line":44,"column":6},"end":{"line":44,"column":73}},"22":{"start":{"line":50,"column":4},"end":{"line":56,"column":5}},"23":{"start":{"line":51,"column":29},"end":{"line":51,"column":75}},"24":{"start":{"line":52,"column":6},"end":{"line":52,"column":89}},"25":{"start":{"line":52,"column":27},"end":{"line":52,"column":89}},"26":{"start":{"line":53,"column":6},"end":{"line":53,"column":72}},"27":{"start":{"line":55,"column":6},"end":{"line":55,"column":73}}},"fnMap":{"0":{"name":"(anonymous_0)","decl":{"start":{"line":6,"column":17},"end":{"line":6,"column":18}},"loc":{"start":{"line":6,"column":37},"end":{"line":14,"column":3}},"line":6},"1":{"name":"(anonymous_1)","decl":{"start":{"line":17,"column":18},"end":{"line":17,"column":19}},"loc":{"start":{"line":17,"column":38},"end":{"line":24,"column":3}},"line":17},"2":{"name":"(anonymous_2)","decl":{"start":{"line":27,"column":18},"end":{"line":27,"column":19}},"loc":{"start":{"line":27,"column":38},"end":{"line":35,"column":3}},"line":27},"3":{"name":"(anonymous_3)","decl":{"start":{"line":38,"column":17},"end":{"line":38,"column":18}},"loc":{"start":{"line":38,"column":37},"end":{"line":46,"column":3}},"line":38},"4":{"name":"(anonymous_4)","decl":{"start":{"line":49,"column":17},"end":{"line":49,"column":18}},"loc":{"start":{"line":49,"column":37},"end":{"line":57,"column":3}},"line":49}},"branchMap":{"0":{"loc":{"start":{"line":30,"column":6},"end":{"line":30,"column":82}},"type":"if","locations":[{"start":{"line":30,"column":6},"end":{"line":30,"column":82}},{"start":{},"end":{}}],"line":30},"1":{"loc":{"start":{"line":41,"column":6},"end":{"line":41,"column":89}},"type":"if","locations":[{"start":{"line":41,"column":6},"end":{"line":41,"column":89}},{"start":{},"end":{}}],"line":41},"2":{"loc":{"start":{"line":52,"column":6},"end":{"line":52,"column":89}},"type":"if","locations":[{"start":{"line":52,"column":6},"end":{"line":52,"column":89}},{"start":{},"end":{}}],"line":52}},"s":{"0":1,"1":2,"2":2,"3":2,"4":1,"5":1,"6":2,"7":2,"8":1,"9":1,"10":3,"11":3,"12":2,"13":1,"14":1,"15":1,"16":3,"17":3,"18":2,"19":1,"20":1,"21":1,"22":3,"23":3,"24":2,"25":1,"26":1,"27":1},"f":{"0":2,"1":2,"2":3,"3":3,"4":3},"b":{"0":[1,1],"1":[1,1],"2":[1,1]},"inputSourceMap":null,"_coverageSchema":"1a1c01bbd47fc00a2c39e90264f33305004495a9","hash":"07589e551822ce2cafd3952e64ed92f6632e8d66"}
,"E:\\Bootcamp\\Entregables\\bit-backend\\src\\controllers\\service.js": {"path":"E:\\Bootcamp\\Entregables\\bit-backend\\src\\controllers\\service.js","statementMap":{"0":{"start":{"line":4,"column":26},"end":{"line":55,"column":1}},"1":{"start":{"line":7,"column":4},"end":{"line":14,"column":5}},"2":{"start":{"line":8,"column":53},"end":{"line":8,"column":61}},"3":{"start":{"line":9,"column":25},"end":{"line":9,"column":76}},"4":{"start":{"line":10,"column":6},"end":{"line":10,"column":30}},"5":{"start":{"line":11,"column":6},"end":{"line":11,"column":39}},"6":{"start":{"line":13,"column":6},"end":{"line":13,"column":73}},"7":{"start":{"line":19,"column":4},"end":{"line":24,"column":5}},"8":{"start":{"line":20,"column":23},"end":{"line":20,"column":43}},"9":{"start":{"line":21,"column":6},"end":{"line":21,"column":25}},"10":{"start":{"line":23,"column":6},"end":{"line":23,"column":74}},"11":{"start":{"line":29,"column":4},"end":{"line":40,"column":5}},"12":{"start":{"line":30,"column":21},"end":{"line":30,"column":31}},"13":{"start":{"line":31,"column":22},"end":{"line":33,"column":8}},"14":{"start":{"line":35,"column":6},"end":{"line":36,"column":70}},"15":{"start":{"line":36,"column":8},"end":{"line":36,"column":70}},"16":{"start":{"line":37,"column":6},"end":{"line":37,"column":24}},"17":{"start":{"line":39,"column":6},"end":{"line":39,"column":73}},"18":{"start":{"line":45,"column":4},"end":{"line":53,"column":5}},"19":{"start":{"line":46,"column":21},"end":{"line":46,"column":31}},"20":{"start":{"line":47,"column":22},"end":{"line":47,"column":57}},"21":{"start":{"line":48,"column":6},"end":{"line":49,"column":70}},"22":{"start":{"line":49,"column":8},"end":{"line":49,"column":70}},"23":{"start":{"line":50,"column":6},"end":{"line":50,"column":47}},"24":{"start":{"line":52,"column":6},"end":{"line":52,"column":73}}},"fnMap":{"0":{"name":"(anonymous_0)","decl":{"start":{"line":6,"column":17},"end":{"line":6,"column":18}},"loc":{"start":{"line":6,"column":37},"end":{"line":15,"column":3}},"line":6},"1":{"name":"(anonymous_1)","decl":{"start":{"line":18,"column":18},"end":{"line":18,"column":19}},"loc":{"start":{"line":18,"column":38},"end":{"line":25,"column":3}},"line":18},"2":{"name":"(anonymous_2)","decl":{"start":{"line":28,"column":17},"end":{"line":28,"column":18}},"loc":{"start":{"line":28,"column":37},"end":{"line":41,"column":3}},"line":28},"3":{"name":"(anonymous_3)","decl":{"start":{"line":44,"column":17},"end":{"line":44,"column":18}},"loc":{"start":{"line":44,"column":37},"end":{"line":54,"column":3}},"line":44}},"branchMap":{"0":{"loc":{"start":{"line":35,"column":6},"end":{"line":36,"column":70}},"type":"if","locations":[{"start":{"line":35,"column":6},"end":{"line":36,"column":70}},{"start":{},"end":{}}],"line":35},"1":{"loc":{"start":{"line":48,"column":6},"end":{"line":49,"column":70}},"type":"if","locations":[{"start":{"line":48,"column":6},"end":{"line":49,"column":70}},{"start":{},"end":{}}],"line":48}},"s":{"0":1,"1":2,"2":2,"3":2,"4":2,"5":1,"6":1,"7":2,"8":2,"9":1,"10":1,"11":3,"12":3,"13":3,"14":2,"15":1,"16":1,"17":1,"18":3,"19":3,"20":3,"21":2,"22":1,"23":1,"24":1},"f":{"0":2,"1":2,"2":3,"3":3},"b":{"0":[1,1],"1":[1,1]},"inputSourceMap":null,"_coverageSchema":"1a1c01bbd47fc00a2c39e90264f33305004495a9","hash":"452e4e5b132603c177225c60daed366073a23f0e"}
,"E:\\Bootcamp\\Entregables\\bit-backend\\src\\controllers\\users.js": {"path":"E:\\Bootcamp\\Entregables\\bit-backend\\src\\controllers\\users.js","statementMap":{"0":{"start":{"line":4,"column":24},"end":{"line":152,"column":1}},"1":{"start":{"line":7,"column":4},"end":{"line":37,"column":5}},"2":{"start":{"line":8,"column":46},"end":{"line":8,"column":54}},"3":{"start":{"line":10,"column":6},"end":{"line":15,"column":7}},"4":{"start":{"line":11,"column":8},"end":{"line":14,"column":11}},"5":{"start":{"line":17,"column":27},"end":{"line":17,"column":56}},"6":{"start":{"line":18,"column":6},"end":{"line":23,"column":7}},"7":{"start":{"line":19,"column":8},"end":{"line":22,"column":11}},"8":{"start":{"line":25,"column":27},"end":{"line":25,"column":44}},"9":{"start":{"line":26,"column":25},"end":{"line":26,"column":68}},"10":{"start":{"line":28,"column":19},"end":{"line":28,"column":72}},"11":{"start":{"line":29,"column":6},"end":{"line":29,"column":24}},"12":{"start":{"line":31,"column":6},"end":{"line":34,"column":9}},"13":{"start":{"line":36,"column":6},"end":{"line":36,"column":78}},"14":{"start":{"line":42,"column":4},"end":{"line":78,"column":5}},"15":{"start":{"line":43,"column":34},"end":{"line":43,"column":42}},"16":{"start":{"line":45,"column":19},"end":{"line":45,"column":48}},"17":{"start":{"line":46,"column":6},"end":{"line":50,"column":7}},"18":{"start":{"line":47,"column":8},"end":{"line":49,"column":70}},"19":{"start":{"line":52,"column":28},"end":{"line":52,"column":64}},"20":{"start":{"line":53,"column":6},"end":{"line":57,"column":7}},"21":{"start":{"line":54,"column":8},"end":{"line":56,"column":70}},"22":{"start":{"line":59,"column":20},"end":{"line":59,"column":34}},"23":{"start":{"line":61,"column":8},"end":{"line":63,"column":37}},"24":{"start":{"line":65,"column":6},"end":{"line":75,"column":9}},"25":{"start":{"line":77,"column":6},"end":{"line":77,"column":78}},"26":{"start":{"line":83,"column":4},"end":{"line":88,"column":5}},"27":{"start":{"line":84,"column":20},"end":{"line":84,"column":58}},"28":{"start":{"line":85,"column":6},"end":{"line":85,"column":59}},"29":{"start":{"line":87,"column":6},"end":{"line":87,"column":85}},"30":{"start":{"line":93,"column":4},"end":{"line":102,"column":5}},"31":{"start":{"line":94,"column":21},"end":{"line":94,"column":48}},"32":{"start":{"line":95,"column":19},"end":{"line":95,"column":66}},"33":{"start":{"line":96,"column":6},"end":{"line":98,"column":7}},"34":{"start":{"line":97,"column":8},"end":{"line":97,"column":90}},"35":{"start":{"line":99,"column":6},"end":{"line":99,"column":58}},"36":{"start":{"line":101,"column":6},"end":{"line":101,"column":83}},"37":{"start":{"line":107,"column":4},"end":{"line":116,"column":5}},"38":{"start":{"line":108,"column":21},"end":{"line":108,"column":31}},"39":{"start":{"line":109,"column":19},"end":{"line":109,"column":62}},"40":{"start":{"line":110,"column":6},"end":{"line":112,"column":7}},"41":{"start":{"line":111,"column":8},"end":{"line":111,"column":90}},"42":{"start":{"line":113,"column":6},"end":{"line":113,"column":58}},"43":{"start":{"line":115,"column":6},"end":{"line":115,"column":84}},"44":{"start":{"line":121,"column":4},"end":{"line":150,"column":5}},"45":{"start":{"line":122,"column":21},"end":{"line":122,"column":48}},"46":{"start":{"line":123,"column":30},"end":{"line":123,"column":38}},"47":{"start":{"line":125,"column":6},"end":{"line":130,"column":7}},"48":{"start":{"line":126,"column":8},"end":{"line":129,"column":11}},"49":{"start":{"line":132,"column":26},"end":{"line":132,"column":77}},"50":{"start":{"line":133,"column":6},"end":{"line":135,"column":7}},"51":{"start":{"line":134,"column":8},"end":{"line":134,"column":84}},"52":{"start":{"line":137,"column":26},"end":{"line":141,"column":27}},"53":{"start":{"line":143,"column":6},"end":{"line":145,"column":7}},"54":{"start":{"line":144,"column":8},"end":{"line":144,"column":90}},"55":{"start":{"line":147,"column":6},"end":{"line":147,"column":65}},"56":{"start":{"line":149,"column":6},"end":{"line":149,"column":86}}},"fnMap":{"0":{"name":"(anonymous_0)","decl":{"start":{"line":6,"column":12},"end":{"line":6,"column":13}},"loc":{"start":{"line":6,"column":32},"end":{"line":38,"column":3}},"line":6},"1":{"name":"(anonymous_1)","decl":{"start":{"line":41,"column":9},"end":{"line":41,"column":10}},"loc":{"start":{"line":41,"column":29},"end":{"line":79,"column":3}},"line":41},"2":{"name":"(anonymous_2)","decl":{"start":{"line":82,"column":8},"end":{"line":82,"column":9}},"loc":{"start":{"line":82,"column":28},"end":{"line":89,"column":3}},"line":82},"3":{"name":"(anonymous_3)","decl":{"start":{"line":92,"column":11},"end":{"line":92,"column":12}},"loc":{"start":{"line":92,"column":31},"end":{"line":103,"column":3}},"line":92},"4":{"name":"(anonymous_4)","decl":{"start":{"line":106,"column":11},"end":{"line":106,"column":12}},"loc":{"start":{"line":106,"column":31},"end":{"line":117,"column":3}},"line":106},"5":{"name":"(anonymous_5)","decl":{"start":{"line":120,"column":17},"end":{"line":120,"column":18}},"loc":{"start":{"line":120,"column":37},"end":{"line":151,"column":3}},"line":120}},"branchMap":{"0":{"loc":{"start":{"line":10,"column":6},"end":{"line":15,"column":7}},"type":"if","locations":[{"start":{"line":10,"column":6},"end":{"line":15,"column":7}},{"start":{},"end":{}}],"line":10},"1":{"loc":{"start":{"line":10,"column":10},"end":{"line":10,"column":38}},"type":"binary-expr","locations":[{"start":{"line":10,"column":10},"end":{"line":10,"column":15}},{"start":{"line":10,"column":19},"end":{"line":10,"column":25}},{"start":{"line":10,"column":29},"end":{"line":10,"column":38}}],"line":10},"2":{"loc":{"start":{"line":18,"column":6},"end":{"line":23,"column":7}},"type":"if","locations":[{"start":{"line":18,"column":6},"end":{"line":23,"column":7}},{"start":{},"end":{}}],"line":18},"3":{"loc":{"start":{"line":26,"column":25},"end":{"line":26,"column":68}},"type":"cond-expr","locations":[{"start":{"line":26,"column":55},"end":{"line":26,"column":59}},{"start":{"line":26,"column":62},"end":{"line":26,"column":68}}],"line":26},"4":{"loc":{"start":{"line":46,"column":6},"end":{"line":50,"column":7}},"type":"if","locations":[{"start":{"line":46,"column":6},"end":{"line":50,"column":7}},{"start":{},"end":{}}],"line":46},"5":{"loc":{"start":{"line":53,"column":6},"end":{"line":57,"column":7}},"type":"if","locations":[{"start":{"line":53,"column":6},"end":{"line":57,"column":7}},{"start":{},"end":{}}],"line":53},"6":{"loc":{"start":{"line":61,"column":8},"end":{"line":63,"column":37}},"type":"cond-expr","locations":[{"start":{"line":62,"column":12},"end":{"line":62,"column":43}},{"start":{"line":63,"column":12},"end":{"line":63,"column":37}}],"line":61},"7":{"loc":{"start":{"line":94,"column":21},"end":{"line":94,"column":48}},"type":"binary-expr","locations":[{"start":{"line":94,"column":21},"end":{"line":94,"column":32}},{"start":{"line":94,"column":36},"end":{"line":94,"column":48}}],"line":94},"8":{"loc":{"start":{"line":96,"column":6},"end":{"line":98,"column":7}},"type":"if","locations":[{"start":{"line":96,"column":6},"end":{"line":98,"column":7}},{"start":{},"end":{}}],"line":96},"9":{"loc":{"start":{"line":110,"column":6},"end":{"line":112,"column":7}},"type":"if","locations":[{"start":{"line":110,"column":6},"end":{"line":112,"column":7}},{"start":{},"end":{}}],"line":110},"10":{"loc":{"start":{"line":122,"column":21},"end":{"line":122,"column":48}},"type":"binary-expr","locations":[{"start":{"line":122,"column":21},"end":{"line":122,"column":32}},{"start":{"line":122,"column":36},"end":{"line":122,"column":48}}],"line":122},"11":{"loc":{"start":{"line":125,"column":6},"end":{"line":130,"column":7}},"type":"if","locations":[{"start":{"line":125,"column":6},"end":{"line":130,"column":7}},{"start":{},"end":{}}],"line":125},"12":{"loc":{"start":{"line":125,"column":10},"end":{"line":125,"column":25}},"type":"binary-expr","locations":[{"start":{"line":125,"column":10},"end":{"line":125,"column":15}},{"start":{"line":125,"column":19},"end":{"line":125,"column":25}}],"line":125},"13":{"loc":{"start":{"line":133,"column":6},"end":{"line":135,"column":7}},"type":"if","locations":[{"start":{"line":133,"column":6},"end":{"line":135,"column":7}},{"start":{},"end":{}}],"line":133},"14":{"loc":{"start":{"line":143,"column":6},"end":{"line":145,"column":7}},"type":"if","locations":[{"start":{"line":143,"column":6},"end":{"line":145,"column":7}},{"start":{},"end":{}}],"line":143}},"s":{"0":1,"1":3,"2":3,"3":3,"4":1,"5":2,"6":2,"7":1,"8":1,"9":1,"10":1,"11":1,"12":1,"13":0,"14":3,"15":3,"16":3,"17":3,"18":1,"19":2,"20":2,"21":1,"22":1,"23":1,"24":1,"25":0,"26":0,"27":0,"28":0,"29":0,"30":0,"31":0,"32":0,"33":0,"34":0,"35":0,"36":0,"37":0,"38":0,"39":0,"40":0,"41":0,"42":0,"43":0,"44":0,"45":0,"46":0,"47":0,"48":0,"49":0,"50":0,"51":0,"52":0,"53":0,"54":0,"55":0,"56":0},"f":{"0":3,"1":3,"2":0,"3":0,"4":0,"5":0},"b":{"0":[1,2],"1":[3,2,2],"2":[1,1],"3":[1,0],"4":[1,2],"5":[1,1],"6":[0,1],"7":[0,0],"8":[0,0],"9":[0,0],"10":[0,0],"11":[0,0],"12":[0,0],"13":[0,0],"14":[0,0]},"inputSourceMap":null,"_coverageSchema":"1a1c01bbd47fc00a2c39e90264f33305004495a9","hash":"22de383799329ab3ebe865b607697389dec708ba"}
,"E:\\Bootcamp\\Entregables\\bit-backend\\src\\models\\appointment.js": {"path":"E:\\Bootcamp\\Entregables\\bit-backend\\src\\models\\appointment.js","statementMap":{"0":{"start":{"line":4,"column":26},"end":{"line":34,"column":2}},"1":{"start":{"line":37,"column":20},"end":{"line":37,"column":68}}},"fnMap":{},"branchMap":{},"s":{"0":1,"1":1},"f":{},"b":{},"inputSourceMap":null,"_coverageSchema":"1a1c01bbd47fc00a2c39e90264f33305004495a9","hash":"6a04d3296ea7a8b9aa59fd4a29c407d27e062e5e"}
,"E:\\Bootcamp\\Entregables\\bit-backend\\src\\models\\cart.js": {"path":"E:\\Bootcamp\\Entregables\\bit-backend\\src\\models\\cart.js","statementMap":{"0":{"start":{"line":4,"column":19},"end":{"line":27,"column":2}},"1":{"start":{"line":30,"column":13},"end":{"line":30,"column":47}}},"fnMap":{},"branchMap":{},"s":{"0":1,"1":1},"f":{},"b":{},"inputSourceMap":null,"_coverageSchema":"1a1c01bbd47fc00a2c39e90264f33305004495a9","hash":"4db15295361850aa932bd31da7b5aab4b2d7c3a9"}
,"E:\\Bootcamp\\Entregables\\bit-backend\\src\\models\\invoice.js": {"path":"E:\\Bootcamp\\Entregables\\bit-backend\\src\\models\\invoice.js","statementMap":{"0":{"start":{"line":4,"column":22},"end":{"line":50,"column":2}},"1":{"start":{"line":53,"column":16},"end":{"line":53,"column":56}}},"fnMap":{},"branchMap":{},"s":{"0":1,"1":1},"f":{},"b":{},"inputSourceMap":null,"_coverageSchema":"1a1c01bbd47fc00a2c39e90264f33305004495a9","hash":"2dc711d063ee0b02d2ae90f067ab6fa2b7b3179b"}
,"E:\\Bootcamp\\Entregables\\bit-backend\\src\\models\\payment.js": {"path":"E:\\Bootcamp\\Entregables\\bit-backend\\src\\models\\payment.js","statementMap":{"0":{"start":{"line":4,"column":22},"end":{"line":37,"column":2}},"1":{"start":{"line":40,"column":16},"end":{"line":40,"column":56}}},"fnMap":{},"branchMap":{},"s":{"0":1,"1":1},"f":{},"b":{},"inputSourceMap":null,"_coverageSchema":"1a1c01bbd47fc00a2c39e90264f33305004495a9","hash":"c1ac521f404ab1b1f2f4ae31e9bb7ac1997aeb91"}
,"E:\\Bootcamp\\Entregables\\bit-backend\\src\\models\\products.js": {"path":"E:\\Bootcamp\\Entregables\\bit-backend\\src\\models\\products.js","statementMap":{"0":{"start":{"line":4,"column":22},"end":{"line":45,"column":2}},"1":{"start":{"line":48,"column":16},"end":{"line":48,"column":56}}},"fnMap":{},"branchMap":{},"s":{"0":1,"1":1},"f":{},"b":{},"inputSourceMap":null,"_coverageSchema":"1a1c01bbd47fc00a2c39e90264f33305004495a9","hash":"2fae3e649e5ad46830e53e1330fe3319650c0bc3"}
,"E:\\Bootcamp\\Entregables\\bit-backend\\src\\models\\service.js": {"path":"E:\\Bootcamp\\Entregables\\bit-backend\\src\\models\\service.js","statementMap":{"0":{"start":{"line":4,"column":22},"end":{"line":29,"column":24}},"1":{"start":{"line":33,"column":16},"end":{"line":33,"column":56}}},"fnMap":{},"branchMap":{},"s":{"0":1,"1":1},"f":{},"b":{},"inputSourceMap":null,"_coverageSchema":"1a1c01bbd47fc00a2c39e90264f33305004495a9","hash":"b4f873be3349500ec113b8385d16dcf33d9477ea"}
,"E:\\Bootcamp\\Entregables\\bit-backend\\src\\models\\users.js": {"path":"E:\\Bootcamp\\Entregables\\bit-backend\\src\\models\\users.js","statementMap":{"0":{"start":{"line":5,"column":19},"end":{"line":34,"column":24}},"1":{"start":{"line":39,"column":0},"end":{"line":43,"column":3}},"2":{"start":{"line":40,"column":2},"end":{"line":40,"column":50}},"3":{"start":{"line":40,"column":36},"end":{"line":40,"column":50}},"4":{"start":{"line":41,"column":2},"end":{"line":41,"column":55}},"5":{"start":{"line":42,"column":2},"end":{"line":42,"column":9}},"6":{"start":{"line":47,"column":0},"end":{"line":49,"column":2}},"7":{"start":{"line":48,"column":2},"end":{"line":48,"column":49}},"8":{"start":{"line":52,"column":13},"end":{"line":52,"column":47}}},"fnMap":{"0":{"name":"(anonymous_0)","decl":{"start":{"line":39,"column":23},"end":{"line":39,"column":24}},"loc":{"start":{"line":39,"column":45},"end":{"line":43,"column":1}},"line":39},"1":{"name":"(anonymous_1)","decl":{"start":{"line":47,"column":37},"end":{"line":47,"column":38}},"loc":{"start":{"line":47,"column":57},"end":{"line":49,"column":1}},"line":47}},"branchMap":{"0":{"loc":{"start":{"line":40,"column":2},"end":{"line":40,"column":50}},"type":"if","locations":[{"start":{"line":40,"column":2},"end":{"line":40,"column":50}},{"start":{},"end":{}}],"line":40}},"s":{"0":1,"1":1,"2":0,"3":0,"4":0,"5":0,"6":1,"7":0,"8":1},"f":{"0":0,"1":0},"b":{"0":[0,0]},"inputSourceMap":null,"_coverageSchema":"1a1c01bbd47fc00a2c39e90264f33305004495a9","hash":"426dc00f71c49c56d4791c6c49c45773de1b7869"}
}
