TN:
SF:src\controllers\appointment.js
FN:5,(anonymous_0)
FN:25,(anonymous_1)
FN:37,(anonymous_2)
FN:55,(anonymous_3)
FN:68,(anonymous_4)
FNF:5
FNH:5
FNDA:2,(anonymous_0)
FNDA:2,(anonymous_1)
FNDA:3,(anonymous_2)
FNDA:3,(anonymous_3)
FNDA:2,(anonymous_4)
DA:3,1
DA:6,2
DA:7,2
DA:8,2
DA:10,2
DA:11,2
DA:14,1
DA:18,1
DA:20,1
DA:26,2
DA:27,2
DA:30,1
DA:32,1
DA:38,3
DA:39,3
DA:40,3
DA:46,2
DA:47,1
DA:48,1
DA:50,1
DA:56,3
DA:57,3
DA:58,3
DA:59,2
DA:60,1
DA:61,1
DA:63,1
DA:69,2
DA:70,2
DA:71,2
DA:74,1
DA:76,1
LF:32
LH:32
BRDA:46,0,0,1
BRDA:46,0,1,1
BRDA:59,1,0,1
BRDA:59,1,1,1
BRF:4
BRH:4
end_of_record
TN:
SF:src\controllers\cart.js
FN:6,(anonymous_0)
FN:30,(anonymous_1)
FN:43,(anonymous_2)
FN:49,(anonymous_3)
FN:61,(anonymous_4)
FN:86,(anonymous_5)
FNF:6
FNH:6
FNDA:2,(anonymous_0)
FNDA:1,(anonymous_1)
FNDA:1,(anonymous_2)
FNDA:2,(anonymous_3)
FNDA:3,(anonymous_4)
FNDA:2,(anonymous_5)
DA:4,1
DA:7,2
DA:8,2
DA:9,2
DA:11,2
DA:12,1
DA:15,1
DA:21,1
DA:23,1
DA:25,0
DA:31,1
DA:32,1
DA:34,1
DA:36,1
DA:38,0
DA:44,1
DA:45,1
DA:47,1
DA:49,1
DA:50,2
DA:51,2
DA:54,1
DA:56,0
DA:62,3
DA:63,3
DA:64,3
DA:66,3
DA:67,1
DA:70,2
DA:72,2
DA:73,1
DA:76,1
DA:77,1
DA:79,1
DA:81,0
DA:87,2
DA:88,2
DA:90,2
DA:92,2
DA:93,1
DA:96,1
DA:97,1
DA:99,0
LF:43
LH:38
BRDA:11,0,0,1
BRDA:11,0,1,1
BRDA:50,1,0,2
BRDA:50,1,1,0
BRDA:66,2,0,1
BRDA:66,2,1,2
BRDA:66,3,0,3
BRDA:66,3,1,2
BRDA:72,4,0,1
BRDA:72,4,1,1
BRDA:72,5,0,2
BRDA:72,5,1,1
BRDA:92,6,0,1
BRDA:92,6,1,1
BRDA:92,7,0,2
BRDA:92,7,1,1
BRF:16
BRH:15
end_of_record
TN:
SF:src\controllers\invoice.js
FN:8,(anonymous_0)
FN:17,(anonymous_1)
FN:21,(anonymous_2)
FN:41,(anonymous_3)
FN:55,(anonymous_4)
FN:69,(anonymous_5)
FN:86,(anonymous_6)
FN:101,(anonymous_7)
FN:110,(anonymous_8)
FN:114,(anonymous_9)
FNF:10
FNH:10
FNDA:2,(anonymous_0)
FNDA:1,(anonymous_1)
FNDA:1,(anonymous_2)
FNDA:1,(anonymous_3)
FNDA:1,(anonymous_4)
FNDA:2,(anonymous_5)
FNDA:2,(anonymous_6)
FNDA:3,(anonymous_7)
FNDA:3,(anonymous_8)
FNDA:3,(anonymous_9)
DA:6,1
DA:9,2
DA:10,2
DA:12,2
DA:13,1
DA:14,0
DA:16,1
DA:17,1
DA:21,1
DA:23,1
DA:24,0
DA:26,1
DA:34,1
DA:36,0
DA:42,1
DA:43,1
DA:48,1
DA:50,0
DA:56,1
DA:57,1
DA:58,1
DA:62,1
DA:64,0
DA:70,2
DA:71,2
DA:72,2
DA:76,2
DA:77,1
DA:79,1
DA:81,0
DA:87,2
DA:88,2
DA:89,2
DA:91,2
DA:92,1
DA:94,1
DA:96,0
DA:102,3
DA:103,3
DA:104,3
DA:106,3
DA:107,0
DA:109,3
DA:110,3
DA:114,3
DA:116,3
DA:117,0
DA:120,3
DA:121,3
DA:122,3
DA:123,1
DA:127,2
DA:128,1
DA:135,1
DA:144,1
DA:145,1
DA:150,1
DA:152,0
DA:153,0
LF:59
LH:48
BRDA:12,0,0,1
BRDA:12,0,1,1
BRDA:13,1,0,0
BRDA:13,1,1,1
BRDA:16,2,0,1
BRDA:16,2,1,0
BRDA:18,3,0,1
BRDA:18,3,1,0
BRDA:18,3,2,0
BRDA:19,4,0,1
BRDA:19,4,1,0
BRDA:23,5,0,0
BRDA:23,5,1,1
BRDA:31,6,0,1
BRDA:31,6,1,0
BRDA:76,7,0,1
BRDA:76,7,1,1
BRDA:91,8,0,1
BRDA:91,8,1,1
BRDA:106,9,0,0
BRDA:106,9,1,3
BRDA:109,10,0,3
BRDA:109,10,1,0
BRDA:111,11,0,3
BRDA:111,11,1,0
BRDA:111,11,2,0
BRDA:112,12,0,3
BRDA:112,12,1,0
BRDA:116,13,0,0
BRDA:116,13,1,3
BRDA:122,14,0,1
BRDA:122,14,1,2
BRDA:127,15,0,1
BRDA:127,15,1,1
BRF:34
BRH:21
end_of_record
TN:
SF:src\controllers\payment.js
FN:5,(anonymous_0)
FN:19,(anonymous_1)
FN:31,(anonymous_2)
FN:43,(anonymous_3)
FN:59,(anonymous_4)
FNF:5
FNH:5
FNDA:2,(anonymous_0)
FNDA:2,(anonymous_1)
FNDA:2,(anonymous_2)
FNDA:2,(anonymous_3)
FNDA:2,(anonymous_4)
DA:3,1
DA:6,2
DA:7,2
DA:9,2
DA:10,2
DA:12,1
DA:14,1
DA:20,2
DA:21,2
DA:24,1
DA:26,1
DA:32,2
DA:33,2
DA:34,2
DA:36,1
DA:38,1
DA:44,2
DA:45,2
DA:46,2
DA:52,1
DA:54,1
DA:60,2
DA:61,2
DA:62,2
DA:64,1
DA:66,1
LF:26
LH:26
BRF:0
BRH:0
end_of_record
TN:
SF:src\controllers\products.js
FN:6,(anonymous_0)
FN:17,(anonymous_1)
FN:27,(anonymous_2)
FN:38,(anonymous_3)
FN:49,(anonymous_4)
FNF:5
FNH:5
FNDA:2,(anonymous_0)
FNDA:2,(anonymous_1)
FNDA:3,(anonymous_2)
FNDA:3,(anonymous_3)
FNDA:3,(anonymous_4)
DA:4,1
DA:7,2
DA:8,2
DA:9,2
DA:10,1
DA:12,1
DA:18,2
DA:19,2
DA:20,1
DA:22,1
DA:28,3
DA:29,3
DA:30,2
DA:31,1
DA:33,1
DA:39,3
DA:40,3
DA:41,2
DA:42,1
DA:44,1
DA:50,3
DA:51,3
DA:52,2
DA:53,1
DA:55,1
LF:25
LH:25
BRDA:30,0,0,1
BRDA:30,0,1,1
BRDA:41,1,0,1
BRDA:41,1,1,1
BRDA:52,2,0,1
BRDA:52,2,1,1
BRF:6
BRH:6
end_of_record
TN:
SF:src\controllers\service.js
FN:6,(anonymous_0)
FN:18,(anonymous_1)
FN:28,(anonymous_2)
FN:44,(anonymous_3)
FNF:4
FNH:4
FNDA:2,(anonymous_0)
FNDA:2,(anonymous_1)
FNDA:3,(anonymous_2)
FNDA:3,(anonymous_3)
DA:4,1
DA:7,2
DA:8,2
DA:9,2
DA:10,2
DA:11,1
DA:13,1
DA:19,2
DA:20,2
DA:21,1
DA:23,1
DA:29,3
DA:30,3
DA:31,3
DA:35,2
DA:36,1
DA:37,1
DA:39,1
DA:45,3
DA:46,3
DA:47,3
DA:48,2
DA:49,1
DA:50,1
DA:52,1
LF:25
LH:25
BRDA:35,0,0,1
BRDA:35,0,1,1
BRDA:48,1,0,1
BRDA:48,1,1,1
BRF:4
BRH:4
end_of_record
TN:
SF:src\controllers\users.js
FN:6,(anonymous_0)
FN:41,(anonymous_1)
FN:82,(anonymous_2)
FN:92,(anonymous_3)
FN:106,(anonymous_4)
FN:120,(anonymous_5)
FNF:6
FNH:2
FNDA:3,(anonymous_0)
FNDA:3,(anonymous_1)
FNDA:0,(anonymous_2)
FNDA:0,(anonymous_3)
FNDA:0,(anonymous_4)
FNDA:0,(anonymous_5)
DA:4,1
DA:7,3
DA:8,3
DA:10,3
DA:11,1
DA:17,2
DA:18,2
DA:19,1
DA:25,1
DA:26,1
DA:28,1
DA:29,1
DA:31,1
DA:36,0
DA:42,3
DA:43,3
DA:45,3
DA:46,3
DA:47,1
DA:52,2
DA:53,2
DA:54,1
DA:59,1
DA:61,1
DA:65,1
DA:77,0
DA:83,0
DA:84,0
DA:85,0
DA:87,0
DA:93,0
DA:94,0
DA:95,0
DA:96,0
DA:97,0
DA:99,0
DA:101,0
DA:107,0
DA:108,0
DA:109,0
DA:110,0
DA:111,0
DA:113,0
DA:115,0
DA:121,0
DA:122,0
DA:123,0
DA:125,0
DA:126,0
DA:132,0
DA:133,0
DA:134,0
DA:137,0
DA:143,0
DA:144,0
DA:147,0
DA:149,0
LF:57
LH:24
BRDA:10,0,0,1
BRDA:10,0,1,2
BRDA:10,1,0,3
BRDA:10,1,1,2
BRDA:10,1,2,2
BRDA:18,2,0,1
BRDA:18,2,1,1
BRDA:26,3,0,1
BRDA:26,3,1,0
BRDA:46,4,0,1
BRDA:46,4,1,2
BRDA:53,5,0,1
BRDA:53,5,1,1
BRDA:61,6,0,0
BRDA:61,6,1,1
BRDA:94,7,0,0
BRDA:94,7,1,0
BRDA:96,8,0,0
BRDA:96,8,1,0
BRDA:110,9,0,0
BRDA:110,9,1,0
BRDA:122,10,0,0
BRDA:122,10,1,0
BRDA:125,11,0,0
BRDA:125,11,1,0
BRDA:125,12,0,0
BRDA:125,12,1,0
BRDA:133,13,0,0
BRDA:133,13,1,0
BRDA:143,14,0,0
BRDA:143,14,1,0
BRF:31
BRH:13
end_of_record
TN:
SF:src\models\appointment.js
FNF:0
FNH:0
DA:4,1
DA:37,1
LF:2
LH:2
BRF:0
BRH:0
end_of_record
TN:
SF:src\models\cart.js
FNF:0
FNH:0
DA:4,1
DA:30,1
LF:2
LH:2
BRF:0
BRH:0
end_of_record
TN:
SF:src\models\invoice.js
FNF:0
FNH:0
DA:4,1
DA:53,1
LF:2
LH:2
BRF:0
BRH:0
end_of_record
TN:
SF:src\models\payment.js
FNF:0
FNH:0
DA:4,1
DA:40,1
LF:2
LH:2
BRF:0
BRH:0
end_of_record
TN:
SF:src\models\products.js
FNF:0
FNH:0
DA:4,1
DA:48,1
LF:2
LH:2
BRF:0
BRH:0
end_of_record
TN:
SF:src\models\service.js
FNF:0
FNH:0
DA:4,1
DA:33,1
LF:2
LH:2
BRF:0
BRH:0
end_of_record
TN:
SF:src\models\users.js
FN:39,(anonymous_0)
FN:47,(anonymous_1)
FNF:2
FNH:0
FNDA:0,(anonymous_0)
FNDA:0,(anonymous_1)
DA:5,1
DA:39,1
DA:40,0
DA:41,0
DA:42,0
DA:47,1
DA:48,0
DA:52,1
LF:8
LH:4
BRDA:40,0,0,0
BRDA:40,0,1,0
BRF:2
BRH:0
end_of_record
